{"D:\\Hacktiv8\\Fase 2\\Individual Project\\Foodies\\server\\app.js": {"path":"D:\\Hacktiv8\\Fase 2\\Individual Project\\Foodies\\server\\app.js","statementMap":{"0":{"start":{"line":8,"column":0},"end":{"line":10,"column":1}},"1":{"start":{"line":9,"column":4},"end":{"line":9,"column":31}},"2":{"start":{"line":11,"column":16},"end":{"line":11,"column":34}},"3":{"start":{"line":12,"column":12},"end":{"line":12,"column":21}},"4":{"start":{"line":13,"column":13},"end":{"line":13,"column":28}},"5":{"start":{"line":14,"column":15},"end":{"line":14,"column":35}},"6":{"start":{"line":15,"column":21},"end":{"line":15,"column":57}},"7":{"start":{"line":18,"column":0},"end":{"line":18,"column":15}},"8":{"start":{"line":19,"column":0},"end":{"line":19,"column":23}},"9":{"start":{"line":20,"column":0},"end":{"line":20,"column":45}},"10":{"start":{"line":21,"column":0},"end":{"line":21,"column":20}},"11":{"start":{"line":22,"column":0},"end":{"line":22,"column":21}},"12":{"start":{"line":24,"column":0},"end":{"line":24,"column":20}}},"fnMap":{},"branchMap":{"0":{"loc":{"start":{"line":8,"column":0},"end":{"line":10,"column":1}},"type":"if","locations":[{"start":{"line":8,"column":0},"end":{"line":10,"column":1}},{"start":{},"end":{}}],"line":8}},"s":{"0":1,"1":1,"2":1,"3":1,"4":1,"5":1,"6":1,"7":1,"8":1,"9":1,"10":1,"11":1,"12":1},"f":{},"b":{"0":[1,0]},"_coverageSchema":"1a1c01bbd47fc00a2c39e90264f33305004495a9","hash":"a968c3dea0fbd975b13204f683529ef5827d5fed"}
,"D:\\Hacktiv8\\Fase 2\\Individual Project\\Foodies\\server\\controllers\\controller.js": {"path":"D:\\Hacktiv8\\Fase 2\\Individual Project\\Foodies\\server\\controllers\\controller.js","statementMap":{"0":{"start":{"line":1,"column":27},"end":{"line":1,"column":43}},"1":{"start":{"line":2,"column":33},"end":{"line":2,"column":53}},"2":{"start":{"line":3,"column":22},"end":{"line":3,"column":46}},"3":{"start":{"line":4,"column":15},"end":{"line":4,"column":34}},"4":{"start":{"line":5,"column":18},"end":{"line":5,"column":38}},"5":{"start":{"line":6,"column":25},"end":{"line":6,"column":55}},"6":{"start":{"line":7,"column":15},"end":{"line":7,"column":42}},"7":{"start":{"line":8,"column":15},"end":{"line":8,"column":33}},"8":{"start":{"line":10,"column":12},"end":{"line":10,"column":67}},"9":{"start":{"line":13,"column":8},"end":{"line":20,"column":9}},"10":{"start":{"line":14,"column":58},"end":{"line":14,"column":66}},"11":{"start":{"line":15,"column":12},"end":{"line":15,"column":68}},"12":{"start":{"line":16,"column":12},"end":{"line":16,"column":61}},"13":{"start":{"line":18,"column":12},"end":{"line":18,"column":23}},"14":{"start":{"line":19,"column":12},"end":{"line":19,"column":31}},"15":{"start":{"line":24,"column":8},"end":{"line":49,"column":9}},"16":{"start":{"line":25,"column":12},"end":{"line":25,"column":34}},"17":{"start":{"line":26,"column":50},"end":{"line":26,"column":58}},"18":{"start":{"line":27,"column":12},"end":{"line":29,"column":13}},"19":{"start":{"line":28,"column":16},"end":{"line":28,"column":49}},"20":{"start":{"line":30,"column":12},"end":{"line":32,"column":13}},"21":{"start":{"line":31,"column":16},"end":{"line":31,"column":52}},"22":{"start":{"line":33,"column":25},"end":{"line":35,"column":14}},"23":{"start":{"line":37,"column":12},"end":{"line":39,"column":13}},"24":{"start":{"line":38,"column":16},"end":{"line":38,"column":58}},"25":{"start":{"line":40,"column":36},"end":{"line":40,"column":79}},"26":{"start":{"line":41,"column":12},"end":{"line":43,"column":13}},"27":{"start":{"line":42,"column":16},"end":{"line":42,"column":58}},"28":{"start":{"line":45,"column":33},"end":{"line":45,"column":48}},"29":{"start":{"line":46,"column":12},"end":{"line":46,"column":50}},"30":{"start":{"line":48,"column":12},"end":{"line":48,"column":23}},"31":{"start":{"line":53,"column":8},"end":{"line":78,"column":9}},"32":{"start":{"line":54,"column":12},"end":{"line":54,"column":49}},"33":{"start":{"line":55,"column":27},"end":{"line":60,"column":14}},"34":{"start":{"line":61,"column":28},"end":{"line":61,"column":47}},"35":{"start":{"line":63,"column":36},"end":{"line":72,"column":14}},"36":{"start":{"line":74,"column":33},"end":{"line":74,"column":59}},"37":{"start":{"line":75,"column":12},"end":{"line":75,"column":50}},"38":{"start":{"line":77,"column":12},"end":{"line":77,"column":23}},"39":{"start":{"line":84,"column":8},"end":{"line":99,"column":9}},"40":{"start":{"line":94,"column":33},"end":{"line":94,"column":62}},"41":{"start":{"line":95,"column":12},"end":{"line":95,"column":48}},"42":{"start":{"line":97,"column":12},"end":{"line":97,"column":31}},"43":{"start":{"line":98,"column":12},"end":{"line":98,"column":23}},"44":{"start":{"line":103,"column":8},"end":{"line":110,"column":9}},"45":{"start":{"line":104,"column":23},"end":{"line":104,"column":43}},"46":{"start":{"line":106,"column":12},"end":{"line":106,"column":38}},"47":{"start":{"line":109,"column":12},"end":{"line":109,"column":23}},"48":{"start":{"line":114,"column":8},"end":{"line":122,"column":9}},"49":{"start":{"line":115,"column":31},"end":{"line":115,"column":39}},"50":{"start":{"line":116,"column":135},"end":{"line":116,"column":143}},"51":{"start":{"line":117,"column":23},"end":{"line":117,"column":172}},"52":{"start":{"line":118,"column":12},"end":{"line":118,"column":38}},"53":{"start":{"line":120,"column":12},"end":{"line":120,"column":23}},"54":{"start":{"line":121,"column":12},"end":{"line":121,"column":31}},"55":{"start":{"line":126,"column":8},"end":{"line":132,"column":9}},"56":{"start":{"line":127,"column":27},"end":{"line":127,"column":37}},"57":{"start":{"line":128,"column":23},"end":{"line":128,"column":46}},"58":{"start":{"line":129,"column":12},"end":{"line":129,"column":42}},"59":{"start":{"line":131,"column":12},"end":{"line":131,"column":23}},"60":{"start":{"line":136,"column":8},"end":{"line":155,"column":9}},"61":{"start":{"line":138,"column":27},"end":{"line":138,"column":37}},"62":{"start":{"line":139,"column":135},"end":{"line":139,"column":143}},"63":{"start":{"line":140,"column":12},"end":{"line":140,"column":34}},"64":{"start":{"line":141,"column":12},"end":{"line":143,"column":13}},"65":{"start":{"line":142,"column":16},"end":{"line":142,"column":43}},"66":{"start":{"line":144,"column":24},"end":{"line":144,"column":47}},"67":{"start":{"line":145,"column":12},"end":{"line":145,"column":39}},"68":{"start":{"line":146,"column":23},"end":{"line":146,"column":291}},"69":{"start":{"line":147,"column":12},"end":{"line":150,"column":13}},"70":{"start":{"line":149,"column":16},"end":{"line":149,"column":47}},"71":{"start":{"line":151,"column":24},"end":{"line":151,"column":47}},"72":{"start":{"line":152,"column":12},"end":{"line":152,"column":39}},"73":{"start":{"line":154,"column":12},"end":{"line":154,"column":23}},"74":{"start":{"line":159,"column":8},"end":{"line":169,"column":9}},"75":{"start":{"line":160,"column":27},"end":{"line":160,"column":37}},"76":{"start":{"line":161,"column":23},"end":{"line":161,"column":46}},"77":{"start":{"line":162,"column":12},"end":{"line":164,"column":13}},"78":{"start":{"line":163,"column":16},"end":{"line":163,"column":47}},"79":{"start":{"line":165,"column":12},"end":{"line":165,"column":53}},"80":{"start":{"line":166,"column":12},"end":{"line":166,"column":82}},"81":{"start":{"line":168,"column":12},"end":{"line":168,"column":23}},"82":{"start":{"line":173,"column":8},"end":{"line":179,"column":9}},"83":{"start":{"line":174,"column":31},"end":{"line":174,"column":41}},"84":{"start":{"line":175,"column":23},"end":{"line":175,"column":72}},"85":{"start":{"line":176,"column":12},"end":{"line":176,"column":42}},"86":{"start":{"line":178,"column":12},"end":{"line":178,"column":23}},"87":{"start":{"line":183,"column":8},"end":{"line":204,"column":9}},"88":{"start":{"line":184,"column":29},"end":{"line":184,"column":49}},"89":{"start":{"line":185,"column":23},"end":{"line":199,"column":14}},"90":{"start":{"line":186,"column":16},"end":{"line":186,"column":27}},"91":{"start":{"line":187,"column":16},"end":{"line":187,"column":26}},"92":{"start":{"line":188,"column":16},"end":{"line":195,"column":18}},"93":{"start":{"line":189,"column":20},"end":{"line":191,"column":21}},"94":{"start":{"line":190,"column":24},"end":{"line":190,"column":44}},"95":{"start":{"line":192,"column":20},"end":{"line":194,"column":21}},"96":{"start":{"line":193,"column":24},"end":{"line":193,"column":43}},"97":{"start":{"line":196,"column":16},"end":{"line":196,"column":42}},"98":{"start":{"line":197,"column":16},"end":{"line":197,"column":40}},"99":{"start":{"line":198,"column":16},"end":{"line":198,"column":25}},"100":{"start":{"line":200,"column":12},"end":{"line":200,"column":26}},"101":{"start":{"line":203,"column":12},"end":{"line":203,"column":31}},"102":{"start":{"line":208,"column":0},"end":{"line":208,"column":27}}},"fnMap":{"0":{"name":"(anonymous_0)","decl":{"start":{"line":12,"column":4},"end":{"line":12,"column":5}},"loc":{"start":{"line":12,"column":42},"end":{"line":21,"column":5}},"line":12},"1":{"name":"(anonymous_1)","decl":{"start":{"line":23,"column":4},"end":{"line":23,"column":5}},"loc":{"start":{"line":23,"column":39},"end":{"line":50,"column":5}},"line":23},"2":{"name":"(anonymous_2)","decl":{"start":{"line":52,"column":4},"end":{"line":52,"column":5}},"loc":{"start":{"line":52,"column":43},"end":{"line":79,"column":5}},"line":52},"3":{"name":"(anonymous_3)","decl":{"start":{"line":81,"column":4},"end":{"line":81,"column":5}},"loc":{"start":{"line":81,"column":43},"end":{"line":100,"column":5}},"line":81},"4":{"name":"(anonymous_4)","decl":{"start":{"line":102,"column":4},"end":{"line":102,"column":5}},"loc":{"start":{"line":102,"column":41},"end":{"line":111,"column":5}},"line":102},"5":{"name":"(anonymous_5)","decl":{"start":{"line":113,"column":4},"end":{"line":113,"column":5}},"loc":{"start":{"line":113,"column":41},"end":{"line":123,"column":5}},"line":113},"6":{"name":"(anonymous_6)","decl":{"start":{"line":125,"column":4},"end":{"line":125,"column":5}},"loc":{"start":{"line":125,"column":45},"end":{"line":133,"column":5}},"line":125},"7":{"name":"(anonymous_7)","decl":{"start":{"line":135,"column":4},"end":{"line":135,"column":5}},"loc":{"start":{"line":135,"column":44},"end":{"line":156,"column":5}},"line":135},"8":{"name":"(anonymous_8)","decl":{"start":{"line":158,"column":4},"end":{"line":158,"column":5}},"loc":{"start":{"line":158,"column":44},"end":{"line":170,"column":5}},"line":158},"9":{"name":"(anonymous_9)","decl":{"start":{"line":172,"column":4},"end":{"line":172,"column":5}},"loc":{"start":{"line":172,"column":42},"end":{"line":180,"column":5}},"line":172},"10":{"name":"(anonymous_10)","decl":{"start":{"line":182,"column":4},"end":{"line":182,"column":5}},"loc":{"start":{"line":182,"column":37},"end":{"line":205,"column":5}},"line":182},"11":{"name":"(anonymous_11)","decl":{"start":{"line":185,"column":47},"end":{"line":185,"column":48}},"loc":{"start":{"line":185,"column":53},"end":{"line":199,"column":13}},"line":185},"12":{"name":"(anonymous_12)","decl":{"start":{"line":188,"column":40},"end":{"line":188,"column":41}},"loc":{"start":{"line":188,"column":47},"end":{"line":195,"column":17}},"line":188}},"branchMap":{"0":{"loc":{"start":{"line":27,"column":12},"end":{"line":29,"column":13}},"type":"if","locations":[{"start":{"line":27,"column":12},"end":{"line":29,"column":13}},{"start":{},"end":{}}],"line":27},"1":{"loc":{"start":{"line":30,"column":12},"end":{"line":32,"column":13}},"type":"if","locations":[{"start":{"line":30,"column":12},"end":{"line":32,"column":13}},{"start":{},"end":{}}],"line":30},"2":{"loc":{"start":{"line":37,"column":12},"end":{"line":39,"column":13}},"type":"if","locations":[{"start":{"line":37,"column":12},"end":{"line":39,"column":13}},{"start":{},"end":{}}],"line":37},"3":{"loc":{"start":{"line":41,"column":12},"end":{"line":43,"column":13}},"type":"if","locations":[{"start":{"line":41,"column":12},"end":{"line":43,"column":13}},{"start":{},"end":{}}],"line":41},"4":{"loc":{"start":{"line":141,"column":12},"end":{"line":143,"column":13}},"type":"if","locations":[{"start":{"line":141,"column":12},"end":{"line":143,"column":13}},{"start":{},"end":{}}],"line":141},"5":{"loc":{"start":{"line":147,"column":12},"end":{"line":150,"column":13}},"type":"if","locations":[{"start":{"line":147,"column":12},"end":{"line":150,"column":13}},{"start":{},"end":{}}],"line":147},"6":{"loc":{"start":{"line":162,"column":12},"end":{"line":164,"column":13}},"type":"if","locations":[{"start":{"line":162,"column":12},"end":{"line":164,"column":13}},{"start":{},"end":{}}],"line":162},"7":{"loc":{"start":{"line":189,"column":20},"end":{"line":191,"column":21}},"type":"if","locations":[{"start":{"line":189,"column":20},"end":{"line":191,"column":21}},{"start":{},"end":{}}],"line":189},"8":{"loc":{"start":{"line":189,"column":24},"end":{"line":189,"column":64}},"type":"binary-expr","locations":[{"start":{"line":189,"column":24},"end":{"line":189,"column":53}},{"start":{"line":189,"column":57},"end":{"line":189,"column":64}}],"line":189},"9":{"loc":{"start":{"line":192,"column":20},"end":{"line":194,"column":21}},"type":"if","locations":[{"start":{"line":192,"column":20},"end":{"line":194,"column":21}},{"start":{},"end":{}}],"line":192},"10":{"loc":{"start":{"line":192,"column":24},"end":{"line":192,"column":69}},"type":"binary-expr","locations":[{"start":{"line":192,"column":24},"end":{"line":192,"column":50}},{"start":{"line":192,"column":54},"end":{"line":192,"column":69}}],"line":192}},"s":{"0":1,"1":1,"2":1,"3":1,"4":1,"5":1,"6":1,"7":1,"8":1,"9":3,"10":3,"11":3,"12":1,"13":2,"14":2,"15":5,"16":5,"17":5,"18":5,"19":1,"20":4,"21":1,"22":3,"23":3,"24":1,"25":2,"26":2,"27":1,"28":1,"29":1,"30":4,"31":0,"32":0,"33":0,"34":0,"35":0,"36":0,"37":0,"38":0,"39":0,"40":0,"41":0,"42":0,"43":0,"44":0,"45":0,"46":0,"47":0,"48":0,"49":0,"50":0,"51":0,"52":0,"53":0,"54":0,"55":0,"56":0,"57":0,"58":0,"59":0,"60":0,"61":0,"62":0,"63":0,"64":0,"65":0,"66":0,"67":0,"68":0,"69":0,"70":0,"71":0,"72":0,"73":0,"74":0,"75":0,"76":0,"77":0,"78":0,"79":0,"80":0,"81":0,"82":0,"83":0,"84":0,"85":0,"86":0,"87":0,"88":0,"89":0,"90":0,"91":0,"92":0,"93":0,"94":0,"95":0,"96":0,"97":0,"98":0,"99":0,"100":0,"101":0,"102":1},"f":{"0":3,"1":5,"2":0,"3":0,"4":0,"5":0,"6":0,"7":0,"8":0,"9":0,"10":0,"11":0,"12":0},"b":{"0":[1,4],"1":[1,3],"2":[1,2],"3":[1,1],"4":[0,0],"5":[0,0],"6":[0,0],"7":[0,0],"8":[0,0],"9":[0,0],"10":[0,0]},"_coverageSchema":"1a1c01bbd47fc00a2c39e90264f33305004495a9","hash":"5d8ddba14089677226f1bb5d241125c3809f0b2a"}
,"D:\\Hacktiv8\\Fase 2\\Individual Project\\Foodies\\server\\helper\\jwt.js": {"path":"D:\\Hacktiv8\\Fase 2\\Individual Project\\Foodies\\server\\helper\\jwt.js","statementMap":{"0":{"start":{"line":1,"column":12},"end":{"line":1,"column":35}},"1":{"start":{"line":2,"column":20},"end":{"line":2,"column":42}},"2":{"start":{"line":6,"column":18},"end":{"line":9,"column":1}},"3":{"start":{"line":7,"column":4},"end":{"line":7,"column":29}},"4":{"start":{"line":8,"column":4},"end":{"line":8,"column":68}},"5":{"start":{"line":11,"column":20},"end":{"line":13,"column":1}},"6":{"start":{"line":12,"column":4},"end":{"line":12,"column":48}},"7":{"start":{"line":15,"column":0},"end":{"line":15,"column":41}}},"fnMap":{"0":{"name":"(anonymous_0)","decl":{"start":{"line":6,"column":18},"end":{"line":6,"column":19}},"loc":{"start":{"line":6,"column":28},"end":{"line":9,"column":1}},"line":6},"1":{"name":"(anonymous_1)","decl":{"start":{"line":11,"column":20},"end":{"line":11,"column":21}},"loc":{"start":{"line":11,"column":37},"end":{"line":13,"column":1}},"line":11}},"branchMap":{},"s":{"0":1,"1":1,"2":1,"3":3,"4":3,"5":1,"6":0,"7":1},"f":{"0":3,"1":0},"b":{},"_coverageSchema":"1a1c01bbd47fc00a2c39e90264f33305004495a9","hash":"68ea505060d57ba18ddec610cc0d9440999d84f7"}
,"D:\\Hacktiv8\\Fase 2\\Individual Project\\Foodies\\server\\helper\\openAI.js": {"path":"D:\\Hacktiv8\\Fase 2\\Individual Project\\Foodies\\server\\helper\\openAI.js","statementMap":{"0":{"start":{"line":1,"column":15},"end":{"line":1,"column":33}},"1":{"start":{"line":2,"column":0},"end":{"line":2,"column":26}},"2":{"start":{"line":4,"column":0},"end":{"line":17,"column":1}},"3":{"start":{"line":6,"column":19},"end":{"line":8,"column":6}},"4":{"start":{"line":9,"column":23},"end":{"line":14,"column":6}},"5":{"start":{"line":16,"column":4},"end":{"line":16,"column":48}}},"fnMap":{"0":{"name":"openAi","decl":{"start":{"line":4,"column":32},"end":{"line":4,"column":38}},"loc":{"start":{"line":4,"column":46},"end":{"line":17,"column":1}},"line":4}},"branchMap":{},"s":{"0":1,"1":1,"2":1,"3":0,"4":0,"5":0},"f":{"0":0},"b":{},"_coverageSchema":"1a1c01bbd47fc00a2c39e90264f33305004495a9","hash":"67d99ad7a35a7c24c6a068ca76f61ead4b6c0801"}
,"D:\\Hacktiv8\\Fase 2\\Individual Project\\Foodies\\server\\middleware\\authentication.js": {"path":"D:\\Hacktiv8\\Fase 2\\Individual Project\\Foodies\\server\\middleware\\authentication.js","statementMap":{"0":{"start":{"line":1,"column":25},"end":{"line":1,"column":49}},"1":{"start":{"line":2,"column":18},"end":{"line":2,"column":38}},"2":{"start":{"line":5,"column":4},"end":{"line":27,"column":5}},"3":{"start":{"line":6,"column":28},"end":{"line":6,"column":53}},"4":{"start":{"line":7,"column":8},"end":{"line":9,"column":9}},"5":{"start":{"line":8,"column":12},"end":{"line":8,"column":42}},"6":{"start":{"line":10,"column":37},"end":{"line":10,"column":61}},"7":{"start":{"line":11,"column":8},"end":{"line":13,"column":9}},"8":{"start":{"line":12,"column":12},"end":{"line":12,"column":42}},"9":{"start":{"line":14,"column":22},"end":{"line":14,"column":47}},"10":{"start":{"line":15,"column":19},"end":{"line":15,"column":50}},"11":{"start":{"line":16,"column":8},"end":{"line":18,"column":9}},"12":{"start":{"line":17,"column":12},"end":{"line":17,"column":42}},"13":{"start":{"line":19,"column":8},"end":{"line":22,"column":9}},"14":{"start":{"line":23,"column":8},"end":{"line":23,"column":14}},"15":{"start":{"line":26,"column":8},"end":{"line":26,"column":19}},"16":{"start":{"line":30,"column":0},"end":{"line":30,"column":31}}},"fnMap":{"0":{"name":"authentication","decl":{"start":{"line":4,"column":15},"end":{"line":4,"column":29}},"loc":{"start":{"line":4,"column":46},"end":{"line":28,"column":1}},"line":4}},"branchMap":{"0":{"loc":{"start":{"line":7,"column":8},"end":{"line":9,"column":9}},"type":"if","locations":[{"start":{"line":7,"column":8},"end":{"line":9,"column":9}},{"start":{},"end":{}}],"line":7},"1":{"loc":{"start":{"line":11,"column":8},"end":{"line":13,"column":9}},"type":"if","locations":[{"start":{"line":11,"column":8},"end":{"line":13,"column":9}},{"start":{},"end":{}}],"line":11},"2":{"loc":{"start":{"line":16,"column":8},"end":{"line":18,"column":9}},"type":"if","locations":[{"start":{"line":16,"column":8},"end":{"line":18,"column":9}},{"start":{},"end":{}}],"line":16}},"s":{"0":1,"1":1,"2":12,"3":12,"4":12,"5":0,"6":0,"7":0,"8":0,"9":0,"10":0,"11":0,"12":0,"13":0,"14":0,"15":12,"16":1},"f":{"0":12},"b":{"0":[0,0],"1":[0,0],"2":[0,0]},"_coverageSchema":"1a1c01bbd47fc00a2c39e90264f33305004495a9","hash":"ef0c60c8730979eb5473171fb128edf064a32fed"}
,"D:\\Hacktiv8\\Fase 2\\Individual Project\\Foodies\\server\\middleware\\authorization.js": {"path":"D:\\Hacktiv8\\Fase 2\\Individual Project\\Foodies\\server\\middleware\\authorization.js","statementMap":{"0":{"start":{"line":1,"column":17},"end":{"line":1,"column":37}},"1":{"start":{"line":4,"column":4},"end":{"line":23,"column":5}},"2":{"start":{"line":5,"column":34},"end":{"line":5,"column":42}},"3":{"start":{"line":6,"column":8},"end":{"line":6,"column":30}},"4":{"start":{"line":7,"column":23},"end":{"line":7,"column":33}},"5":{"start":{"line":9,"column":19},"end":{"line":9,"column":42}},"6":{"start":{"line":10,"column":8},"end":{"line":10,"column":40}},"7":{"start":{"line":11,"column":8},"end":{"line":11,"column":44}},"8":{"start":{"line":12,"column":8},"end":{"line":15,"column":9}},"9":{"start":{"line":14,"column":12},"end":{"line":14,"column":42}},"10":{"start":{"line":16,"column":8},"end":{"line":20,"column":9}},"11":{"start":{"line":17,"column":12},"end":{"line":17,"column":18}},"12":{"start":{"line":19,"column":12},"end":{"line":19,"column":41}},"13":{"start":{"line":22,"column":8},"end":{"line":22,"column":19}},"14":{"start":{"line":25,"column":0},"end":{"line":25,"column":34}}},"fnMap":{"0":{"name":"authorization","decl":{"start":{"line":3,"column":15},"end":{"line":3,"column":28}},"loc":{"start":{"line":3,"column":45},"end":{"line":24,"column":1}},"line":3}},"branchMap":{"0":{"loc":{"start":{"line":12,"column":8},"end":{"line":15,"column":9}},"type":"if","locations":[{"start":{"line":12,"column":8},"end":{"line":15,"column":9}},{"start":{},"end":{}}],"line":12},"1":{"loc":{"start":{"line":16,"column":8},"end":{"line":20,"column":9}},"type":"if","locations":[{"start":{"line":16,"column":8},"end":{"line":20,"column":9}},{"start":{"line":18,"column":15},"end":{"line":20,"column":9}}],"line":16}},"s":{"0":1,"1":0,"2":0,"3":0,"4":0,"5":0,"6":0,"7":0,"8":0,"9":0,"10":0,"11":0,"12":0,"13":0,"14":1},"f":{"0":0},"b":{"0":[0,0],"1":[0,0]},"_coverageSchema":"1a1c01bbd47fc00a2c39e90264f33305004495a9","hash":"17d16fe5c5ff16d0eb56a55654a94bc8848b7738"}
,"D:\\Hacktiv8\\Fase 2\\Individual Project\\Foodies\\server\\middleware\\errorHandler.js": {"path":"D:\\Hacktiv8\\Fase 2\\Individual Project\\Foodies\\server\\middleware\\errorHandler.js","statementMap":{"0":{"start":{"line":3,"column":17},"end":{"line":3,"column":34}},"1":{"start":{"line":4,"column":18},"end":{"line":4,"column":56}},"2":{"start":{"line":5,"column":4},"end":{"line":44,"column":5}},"3":{"start":{"line":8,"column":12},"end":{"line":8,"column":25}},"4":{"start":{"line":9,"column":12},"end":{"line":9,"column":43}},"5":{"start":{"line":10,"column":12},"end":{"line":10,"column":18}},"6":{"start":{"line":12,"column":12},"end":{"line":12,"column":25}},"7":{"start":{"line":13,"column":12},"end":{"line":13,"column":39}},"8":{"start":{"line":14,"column":12},"end":{"line":14,"column":18}},"9":{"start":{"line":16,"column":12},"end":{"line":16,"column":25}},"10":{"start":{"line":17,"column":12},"end":{"line":17,"column":41}},"11":{"start":{"line":18,"column":12},"end":{"line":18,"column":18}},"12":{"start":{"line":20,"column":12},"end":{"line":20,"column":25}},"13":{"start":{"line":21,"column":12},"end":{"line":21,"column":44}},"14":{"start":{"line":22,"column":12},"end":{"line":22,"column":18}},"15":{"start":{"line":24,"column":12},"end":{"line":24,"column":25}},"16":{"start":{"line":25,"column":12},"end":{"line":25,"column":51}},"17":{"start":{"line":26,"column":12},"end":{"line":26,"column":18}},"18":{"start":{"line":28,"column":12},"end":{"line":28,"column":25}},"19":{"start":{"line":29,"column":12},"end":{"line":29,"column":39}},"20":{"start":{"line":30,"column":12},"end":{"line":30,"column":18}},"21":{"start":{"line":33,"column":12},"end":{"line":33,"column":25}},"22":{"start":{"line":34,"column":12},"end":{"line":34,"column":37}},"23":{"start":{"line":35,"column":12},"end":{"line":35,"column":18}},"24":{"start":{"line":37,"column":12},"end":{"line":37,"column":25}},"25":{"start":{"line":38,"column":12},"end":{"line":38,"column":34}},"26":{"start":{"line":39,"column":12},"end":{"line":39,"column":18}},"27":{"start":{"line":43,"column":12},"end":{"line":43,"column":18}},"28":{"start":{"line":45,"column":4},"end":{"line":45,"column":40}},"29":{"start":{"line":48,"column":0},"end":{"line":48,"column":29}}},"fnMap":{"0":{"name":"errorHandler","decl":{"start":{"line":1,"column":9},"end":{"line":1,"column":21}},"loc":{"start":{"line":1,"column":43},"end":{"line":46,"column":1}},"line":1}},"branchMap":{"0":{"loc":{"start":{"line":3,"column":17},"end":{"line":3,"column":34}},"type":"binary-expr","locations":[{"start":{"line":3,"column":17},"end":{"line":3,"column":27}},{"start":{"line":3,"column":31},"end":{"line":3,"column":34}}],"line":3},"1":{"loc":{"start":{"line":4,"column":18},"end":{"line":4,"column":56}},"type":"binary-expr","locations":[{"start":{"line":4,"column":18},"end":{"line":4,"column":29}},{"start":{"line":4,"column":33},"end":{"line":4,"column":56}}],"line":4},"2":{"loc":{"start":{"line":5,"column":4},"end":{"line":44,"column":5}},"type":"switch","locations":[{"start":{"line":6,"column":8},"end":{"line":6,"column":40}},{"start":{"line":7,"column":8},"end":{"line":10,"column":18}},{"start":{"line":11,"column":8},"end":{"line":14,"column":18}},{"start":{"line":15,"column":8},"end":{"line":18,"column":18}},{"start":{"line":19,"column":8},"end":{"line":22,"column":18}},{"start":{"line":23,"column":8},"end":{"line":26,"column":18}},{"start":{"line":27,"column":8},"end":{"line":30,"column":18}},{"start":{"line":31,"column":8},"end":{"line":31,"column":29}},{"start":{"line":32,"column":8},"end":{"line":35,"column":18}},{"start":{"line":36,"column":8},"end":{"line":39,"column":18}},{"start":{"line":40,"column":8},"end":{"line":43,"column":18}}],"line":5}},"s":{"0":18,"1":18,"2":18,"3":2,"4":2,"5":2,"6":0,"7":0,"8":0,"9":1,"10":1,"11":1,"12":1,"13":1,"14":1,"15":2,"16":2,"17":2,"18":0,"19":0,"20":0,"21":0,"22":0,"23":0,"24":0,"25":0,"26":0,"27":12,"28":18,"29":1},"f":{"0":18},"b":{"0":[18,18],"1":[18,4],"2":[2,2,0,1,1,2,0,0,0,0,12]},"_coverageSchema":"1a1c01bbd47fc00a2c39e90264f33305004495a9","hash":"e28d586eedcde3f55745649f2c1295da88c4aafa"}
,"D:\\Hacktiv8\\Fase 2\\Individual Project\\Foodies\\server\\models\\food.js": {"path":"D:\\Hacktiv8\\Fase 2\\Individual Project\\Foodies\\server\\models\\food.js","statementMap":{"0":{"start":{"line":4,"column":4},"end":{"line":4,"column":24}},"1":{"start":{"line":5,"column":0},"end":{"line":135,"column":2}},"2":{"start":{"line":14,"column":6},"end":{"line":14,"column":35}},"3":{"start":{"line":17,"column":2},"end":{"line":133,"column":5}},"4":{"start":{"line":134,"column":2},"end":{"line":134,"column":14}}},"fnMap":{"0":{"name":"(anonymous_0)","decl":{"start":{"line":5,"column":17},"end":{"line":5,"column":18}},"loc":{"start":{"line":5,"column":43},"end":{"line":135,"column":1}},"line":5},"1":{"name":"(anonymous_1)","decl":{"start":{"line":12,"column":4},"end":{"line":12,"column":5}},"loc":{"start":{"line":12,"column":29},"end":{"line":15,"column":5}},"line":12}},"branchMap":{},"s":{"0":1,"1":1,"2":1,"3":1,"4":1},"f":{"0":1,"1":1},"b":{},"_coverageSchema":"1a1c01bbd47fc00a2c39e90264f33305004495a9","hash":"66863367210ee596ada1f87a9c051ddd72db8ede"}
,"D:\\Hacktiv8\\Fase 2\\Individual Project\\Foodies\\server\\models\\fooduser.js": {"path":"D:\\Hacktiv8\\Fase 2\\Individual Project\\Foodies\\server\\models\\fooduser.js","statementMap":{"0":{"start":{"line":4,"column":4},"end":{"line":4,"column":24}},"1":{"start":{"line":5,"column":0},"end":{"line":38,"column":2}},"2":{"start":{"line":14,"column":6},"end":{"line":14,"column":37}},"3":{"start":{"line":15,"column":6},"end":{"line":15,"column":37}},"4":{"start":{"line":18,"column":2},"end":{"line":36,"column":5}},"5":{"start":{"line":37,"column":2},"end":{"line":37,"column":18}}},"fnMap":{"0":{"name":"(anonymous_0)","decl":{"start":{"line":5,"column":17},"end":{"line":5,"column":18}},"loc":{"start":{"line":5,"column":43},"end":{"line":38,"column":1}},"line":5},"1":{"name":"(anonymous_1)","decl":{"start":{"line":12,"column":4},"end":{"line":12,"column":5}},"loc":{"start":{"line":12,"column":29},"end":{"line":16,"column":5}},"line":12}},"branchMap":{},"s":{"0":1,"1":1,"2":1,"3":1,"4":1,"5":1},"f":{"0":1,"1":1},"b":{},"_coverageSchema":"1a1c01bbd47fc00a2c39e90264f33305004495a9","hash":"974415c43b3fb9e76430b318f177d110658d698a"}
,"D:\\Hacktiv8\\Fase 2\\Individual Project\\Foodies\\server\\models\\index.js": {"path":"D:\\Hacktiv8\\Fase 2\\Individual Project\\Foodies\\server\\models\\index.js","statementMap":{"0":{"start":{"line":3,"column":11},"end":{"line":3,"column":24}},"1":{"start":{"line":4,"column":13},"end":{"line":4,"column":28}},"2":{"start":{"line":5,"column":18},"end":{"line":5,"column":38}},"3":{"start":{"line":6,"column":16},"end":{"line":6,"column":34}},"4":{"start":{"line":7,"column":17},"end":{"line":7,"column":42}},"5":{"start":{"line":8,"column":12},"end":{"line":8,"column":49}},"6":{"start":{"line":9,"column":15},"end":{"line":9,"column":65}},"7":{"start":{"line":10,"column":11},"end":{"line":10,"column":13}},"8":{"start":{"line":13,"column":0},"end":{"line":17,"column":1}},"9":{"start":{"line":14,"column":2},"end":{"line":14,"column":74}},"10":{"start":{"line":16,"column":2},"end":{"line":16,"column":87}},"11":{"start":{"line":19,"column":0},"end":{"line":32,"column":5}},"12":{"start":{"line":22,"column":4},"end":{"line":27,"column":6}},"13":{"start":{"line":30,"column":18},"end":{"line":30,"column":85}},"14":{"start":{"line":31,"column":4},"end":{"line":31,"column":27}},"15":{"start":{"line":34,"column":0},"end":{"line":38,"column":3}},"16":{"start":{"line":35,"column":2},"end":{"line":37,"column":3}},"17":{"start":{"line":36,"column":4},"end":{"line":36,"column":32}},"18":{"start":{"line":40,"column":0},"end":{"line":40,"column":25}},"19":{"start":{"line":41,"column":0},"end":{"line":41,"column":25}},"20":{"start":{"line":43,"column":0},"end":{"line":43,"column":20}}},"fnMap":{"0":{"name":"(anonymous_0)","decl":{"start":{"line":21,"column":10},"end":{"line":21,"column":11}},"loc":{"start":{"line":21,"column":18},"end":{"line":28,"column":3}},"line":21},"1":{"name":"(anonymous_1)","decl":{"start":{"line":29,"column":11},"end":{"line":29,"column":12}},"loc":{"start":{"line":29,"column":19},"end":{"line":32,"column":3}},"line":29},"2":{"name":"(anonymous_2)","decl":{"start":{"line":34,"column":24},"end":{"line":34,"column":25}},"loc":{"start":{"line":34,"column":37},"end":{"line":38,"column":1}},"line":34}},"branchMap":{"0":{"loc":{"start":{"line":8,"column":12},"end":{"line":8,"column":49}},"type":"binary-expr","locations":[{"start":{"line":8,"column":12},"end":{"line":8,"column":32}},{"start":{"line":8,"column":36},"end":{"line":8,"column":49}}],"line":8},"1":{"loc":{"start":{"line":13,"column":0},"end":{"line":17,"column":1}},"type":"if","locations":[{"start":{"line":13,"column":0},"end":{"line":17,"column":1}},{"start":{"line":15,"column":7},"end":{"line":17,"column":1}}],"line":13},"2":{"loc":{"start":{"line":23,"column":6},"end":{"line":26,"column":37}},"type":"binary-expr","locations":[{"start":{"line":23,"column":6},"end":{"line":23,"column":29}},{"start":{"line":24,"column":6},"end":{"line":24,"column":23}},{"start":{"line":25,"column":6},"end":{"line":25,"column":30}},{"start":{"line":26,"column":6},"end":{"line":26,"column":37}}],"line":23},"3":{"loc":{"start":{"line":35,"column":2},"end":{"line":37,"column":3}},"type":"if","locations":[{"start":{"line":35,"column":2},"end":{"line":37,"column":3}},{"start":{},"end":{}}],"line":35}},"s":{"0":1,"1":1,"2":1,"3":1,"4":1,"5":1,"6":1,"7":1,"8":1,"9":0,"10":1,"11":1,"12":4,"13":3,"14":3,"15":1,"16":3,"17":3,"18":1,"19":1,"20":1},"f":{"0":4,"1":3,"2":3},"b":{"0":[1,0],"1":[0,1],"2":[4,4,3,3],"3":[3,0]},"_coverageSchema":"1a1c01bbd47fc00a2c39e90264f33305004495a9","hash":"9ac4d8b96dc010d47b4ce1cbb8fb5466b22f7f4f"}
,"D:\\Hacktiv8\\Fase 2\\Individual Project\\Foodies\\server\\models\\user.js": {"path":"D:\\Hacktiv8\\Fase 2\\Individual Project\\Foodies\\server\\models\\user.js","statementMap":{"0":{"start":{"line":4,"column":4},"end":{"line":4,"column":24}},"1":{"start":{"line":5,"column":15},"end":{"line":5,"column":34}},"2":{"start":{"line":6,"column":0},"end":{"line":84,"column":2}},"3":{"start":{"line":15,"column":6},"end":{"line":15,"column":35}},"4":{"start":{"line":16,"column":6},"end":{"line":16,"column":31}},"5":{"start":{"line":19,"column":2},"end":{"line":82,"column":5}},"6":{"start":{"line":76,"column":21},"end":{"line":76,"column":59}},"7":{"start":{"line":78,"column":8},"end":{"line":78,"column":32}},"8":{"start":{"line":83,"column":2},"end":{"line":83,"column":14}}},"fnMap":{"0":{"name":"(anonymous_0)","decl":{"start":{"line":6,"column":17},"end":{"line":6,"column":18}},"loc":{"start":{"line":6,"column":43},"end":{"line":84,"column":1}},"line":6},"1":{"name":"(anonymous_1)","decl":{"start":{"line":13,"column":4},"end":{"line":13,"column":5}},"loc":{"start":{"line":13,"column":29},"end":{"line":17,"column":5}},"line":13},"2":{"name":"(anonymous_2)","decl":{"start":{"line":75,"column":6},"end":{"line":75,"column":7}},"loc":{"start":{"line":75,"column":37},"end":{"line":79,"column":7}},"line":75}},"branchMap":{},"s":{"0":1,"1":1,"2":1,"3":1,"4":1,"5":1,"6":3,"7":3,"8":1},"f":{"0":1,"1":1,"2":3},"b":{},"_coverageSchema":"1a1c01bbd47fc00a2c39e90264f33305004495a9","hash":"8981f234df59d190646b8a85b4c493dae712541b"}
,"D:\\Hacktiv8\\Fase 2\\Individual Project\\Foodies\\server\\routers\\index.js": {"path":"D:\\Hacktiv8\\Fase 2\\Individual Project\\Foodies\\server\\routers\\index.js","statementMap":{"0":{"start":{"line":1,"column":16},"end":{"line":1,"column":34}},"1":{"start":{"line":2,"column":19},"end":{"line":2,"column":55}},"2":{"start":{"line":3,"column":23},"end":{"line":3,"column":62}},"3":{"start":{"line":4,"column":26},"end":{"line":4,"column":64}},"4":{"start":{"line":5,"column":15},"end":{"line":5,"column":31}},"5":{"start":{"line":7,"column":0},"end":{"line":7,"column":45}},"6":{"start":{"line":8,"column":0},"end":{"line":8,"column":39}},"7":{"start":{"line":9,"column":0},"end":{"line":9,"column":50}},"8":{"start":{"line":10,"column":0},"end":{"line":10,"column":44}},"9":{"start":{"line":11,"column":0},"end":{"line":11,"column":56}},"10":{"start":{"line":12,"column":0},"end":{"line":12,"column":57}},"11":{"start":{"line":13,"column":0},"end":{"line":13,"column":64}},"12":{"start":{"line":14,"column":0},"end":{"line":14,"column":78}},"13":{"start":{"line":15,"column":0},"end":{"line":15,"column":81}},"14":{"start":{"line":16,"column":0},"end":{"line":16,"column":70}},"15":{"start":{"line":19,"column":0},"end":{"line":19,"column":23}}},"fnMap":{},"branchMap":{},"s":{"0":1,"1":1,"2":1,"3":1,"4":1,"5":1,"6":1,"7":1,"8":1,"9":1,"10":1,"11":1,"12":1,"13":1,"14":1,"15":1},"f":{},"b":{},"_coverageSchema":"1a1c01bbd47fc00a2c39e90264f33305004495a9","hash":"5cb5347fd24f73b4c92e703f37b49470daf5c17e"}
}
