TN:
SF:app.js
FNF:0
FNH:0
DA:8,1
DA:9,1
DA:11,1
DA:12,1
DA:13,1
DA:14,1
DA:15,1
DA:18,1
DA:19,1
DA:20,1
DA:21,1
DA:22,1
DA:24,1
LF:13
LH:13
BRDA:8,0,0,1
BRDA:8,0,1,0
BRF:2
BRH:1
end_of_record
TN:
SF:controllers\controller.js
FN:12,(anonymous_0)
FN:23,(anonymous_1)
FN:52,(anonymous_2)
FN:81,(anonymous_3)
FN:102,(anonymous_4)
FN:113,(anonymous_5)
FN:125,(anonymous_6)
FN:135,(anonymous_7)
FN:158,(anonymous_8)
FN:172,(anonymous_9)
FN:182,(anonymous_10)
FN:185,(anonymous_11)
FN:188,(anonymous_12)
FNF:13
FNH:2
FNDA:3,(anonymous_0)
FNDA:5,(anonymous_1)
FNDA:0,(anonymous_2)
FNDA:0,(anonymous_3)
FNDA:0,(anonymous_4)
FNDA:0,(anonymous_5)
FNDA:0,(anonymous_6)
FNDA:0,(anonymous_7)
FNDA:0,(anonymous_8)
FNDA:0,(anonymous_9)
FNDA:0,(anonymous_10)
FNDA:0,(anonymous_11)
FNDA:0,(anonymous_12)
DA:1,1
DA:2,1
DA:3,1
DA:4,1
DA:5,1
DA:6,1
DA:7,1
DA:8,1
DA:10,1
DA:13,3
DA:14,3
DA:15,3
DA:16,1
DA:18,2
DA:19,2
DA:24,5
DA:25,5
DA:26,5
DA:27,5
DA:28,1
DA:30,4
DA:31,1
DA:33,3
DA:37,3
DA:38,1
DA:40,2
DA:41,2
DA:42,1
DA:45,1
DA:46,1
DA:48,4
DA:53,0
DA:54,0
DA:55,0
DA:61,0
DA:63,0
DA:74,0
DA:75,0
DA:77,0
DA:84,0
DA:94,0
DA:95,0
DA:97,0
DA:98,0
DA:103,0
DA:104,0
DA:106,0
DA:109,0
DA:114,0
DA:115,0
DA:116,0
DA:117,0
DA:118,0
DA:120,0
DA:121,0
DA:126,0
DA:127,0
DA:128,0
DA:129,0
DA:131,0
DA:136,0
DA:138,0
DA:139,0
DA:140,0
DA:141,0
DA:142,0
DA:144,0
DA:145,0
DA:146,0
DA:147,0
DA:149,0
DA:151,0
DA:152,0
DA:154,0
DA:159,0
DA:160,0
DA:161,0
DA:162,0
DA:163,0
DA:165,0
DA:166,0
DA:168,0
DA:173,0
DA:174,0
DA:175,0
DA:176,0
DA:178,0
DA:183,0
DA:184,0
DA:185,0
DA:186,0
DA:187,0
DA:188,0
DA:189,0
DA:190,0
DA:192,0
DA:193,0
DA:196,0
DA:197,0
DA:198,0
DA:200,0
DA:203,0
DA:208,1
LF:103
LH:32
BRDA:27,0,0,1
BRDA:27,0,1,4
BRDA:30,1,0,1
BRDA:30,1,1,3
BRDA:37,2,0,1
BRDA:37,2,1,2
BRDA:41,3,0,1
BRDA:41,3,1,1
BRDA:141,4,0,0
BRDA:141,4,1,0
BRDA:147,5,0,0
BRDA:147,5,1,0
BRDA:162,6,0,0
BRDA:162,6,1,0
BRDA:189,7,0,0
BRDA:189,7,1,0
BRDA:189,8,0,0
BRDA:189,8,1,0
BRDA:192,9,0,0
BRDA:192,9,1,0
BRDA:192,10,0,0
BRDA:192,10,1,0
BRF:22
BRH:8
end_of_record
TN:
SF:helper\jwt.js
FN:6,(anonymous_0)
FN:11,(anonymous_1)
FNF:2
FNH:1
FNDA:3,(anonymous_0)
FNDA:0,(anonymous_1)
DA:1,1
DA:2,1
DA:6,1
DA:7,3
DA:8,3
DA:11,1
DA:12,0
DA:15,1
LF:8
LH:7
BRF:0
BRH:0
end_of_record
TN:
SF:helper\openAI.js
FN:4,openAi
FNF:1
FNH:0
FNDA:0,openAi
DA:1,1
DA:2,1
DA:4,1
DA:6,0
DA:9,0
DA:16,0
LF:6
LH:3
BRF:0
BRH:0
end_of_record
TN:
SF:middleware\authentication.js
FN:4,authentication
FNF:1
FNH:1
FNDA:12,authentication
DA:1,1
DA:2,1
DA:5,12
DA:6,12
DA:7,12
DA:8,0
DA:10,0
DA:11,0
DA:12,0
DA:14,0
DA:15,0
DA:16,0
DA:17,0
DA:19,0
DA:23,0
DA:26,12
DA:30,1
LF:17
LH:7
BRDA:7,0,0,0
BRDA:7,0,1,0
BRDA:11,1,0,0
BRDA:11,1,1,0
BRDA:16,2,0,0
BRDA:16,2,1,0
BRF:6
BRH:0
end_of_record
TN:
SF:middleware\authorization.js
FN:3,authorization
FNF:1
FNH:0
FNDA:0,authorization
DA:1,1
DA:4,0
DA:5,0
DA:6,0
DA:7,0
DA:9,0
DA:10,0
DA:11,0
DA:12,0
DA:14,0
DA:16,0
DA:17,0
DA:19,0
DA:22,0
DA:25,1
LF:15
LH:2
BRDA:12,0,0,0
BRDA:12,0,1,0
BRDA:16,1,0,0
BRDA:16,1,1,0
BRF:4
BRH:0
end_of_record
TN:
SF:middleware\errorHandler.js
FN:1,errorHandler
FNF:1
FNH:1
FNDA:18,errorHandler
DA:3,18
DA:4,18
DA:5,18
DA:8,2
DA:9,2
DA:10,2
DA:12,0
DA:13,0
DA:14,0
DA:16,1
DA:17,1
DA:18,1
DA:20,1
DA:21,1
DA:22,1
DA:24,2
DA:25,2
DA:26,2
DA:28,0
DA:29,0
DA:30,0
DA:33,0
DA:34,0
DA:35,0
DA:37,0
DA:38,0
DA:39,0
DA:43,12
DA:45,18
DA:48,1
LF:30
LH:18
BRDA:3,0,0,18
BRDA:3,0,1,18
BRDA:4,1,0,18
BRDA:4,1,1,4
BRDA:5,2,0,2
BRDA:5,2,1,2
BRDA:5,2,2,0
BRDA:5,2,3,1
BRDA:5,2,4,1
BRDA:5,2,5,2
BRDA:5,2,6,0
BRDA:5,2,7,0
BRDA:5,2,8,0
BRDA:5,2,9,0
BRDA:5,2,10,12
BRF:15
BRH:10
end_of_record
TN:
SF:models\food.js
FN:5,(anonymous_0)
FN:12,(anonymous_1)
FNF:2
FNH:2
FNDA:1,(anonymous_0)
FNDA:1,(anonymous_1)
DA:4,1
DA:5,1
DA:14,1
DA:17,1
DA:134,1
LF:5
LH:5
BRF:0
BRH:0
end_of_record
TN:
SF:models\fooduser.js
FN:5,(anonymous_0)
FN:12,(anonymous_1)
FNF:2
FNH:2
FNDA:1,(anonymous_0)
FNDA:1,(anonymous_1)
DA:4,1
DA:5,1
DA:14,1
DA:15,1
DA:18,1
DA:37,1
LF:6
LH:6
BRF:0
BRH:0
end_of_record
TN:
SF:models\index.js
FN:21,(anonymous_0)
FN:29,(anonymous_1)
FN:34,(anonymous_2)
FNF:3
FNH:3
FNDA:4,(anonymous_0)
FNDA:3,(anonymous_1)
FNDA:3,(anonymous_2)
DA:3,1
DA:4,1
DA:5,1
DA:6,1
DA:7,1
DA:8,1
DA:9,1
DA:10,1
DA:13,1
DA:14,0
DA:16,1
DA:19,1
DA:22,4
DA:30,3
DA:31,3
DA:34,1
DA:35,3
DA:36,3
DA:40,1
DA:41,1
DA:43,1
LF:21
LH:20
BRDA:8,0,0,1
BRDA:8,0,1,0
BRDA:13,1,0,0
BRDA:13,1,1,1
BRDA:23,2,0,4
BRDA:23,2,1,4
BRDA:23,2,2,3
BRDA:23,2,3,3
BRDA:35,3,0,3
BRDA:35,3,1,0
BRF:10
BRH:7
end_of_record
TN:
SF:models\user.js
FN:6,(anonymous_0)
FN:13,(anonymous_1)
FN:75,(anonymous_2)
FNF:3
FNH:3
FNDA:1,(anonymous_0)
FNDA:1,(anonymous_1)
FNDA:3,(anonymous_2)
DA:4,1
DA:5,1
DA:6,1
DA:15,1
DA:16,1
DA:19,1
DA:76,3
DA:78,3
DA:83,1
LF:9
LH:9
BRF:0
BRH:0
end_of_record
TN:
SF:routers\index.js
FNF:0
FNH:0
DA:1,1
DA:2,1
DA:3,1
DA:4,1
DA:5,1
DA:7,1
DA:8,1
DA:9,1
DA:10,1
DA:11,1
DA:12,1
DA:13,1
DA:14,1
DA:15,1
DA:16,1
DA:19,1
LF:16
LH:16
BRF:0
BRH:0
end_of_record
